mode: set
calc-backend/middleware/middleware.go:9.46,10.71 1 1
calc-backend/middleware/middleware.go:10.71,13.3 2 1
calc-backend/middleware/middleware.go:16.47,17.71 1 1
calc-backend/middleware/middleware.go:17.71,18.16 1 1
calc-backend/middleware/middleware.go:18.16,19.36 1 1
calc-backend/middleware/middleware.go:19.36,24.5 3 1
calc-backend/middleware/middleware.go:26.3,26.23 1 1
calc-backend/util/error_handler.go:8.69,14.2 3 1
calc-backend/util/logger.go:13.26,14.17 1 1
calc-backend/util/logger.go:14.17,16.3 1 1
calc-backend/util/logger.go:17.2,17.17 1 1
calc-backend/util/logger.go:20.35,22.2 1 1
calc-backend/util/logger.go:24.36,26.2 1 1
calc-backend/main.go:10.13,19.16 6 0
calc-backend/main.go:19.16,21.3 1 0
calc-backend/handler/calc_handler.go:13.58,18.36 4 1
calc-backend/handler/calc_handler.go:18.36,21.3 2 0
calc-backend/handler/calc_handler.go:23.2,28.14 5 1
calc-backend/handler/calc_handler.go:28.14,32.3 3 0
calc-backend/handler/calc_handler.go:34.2,34.16 1 1
calc-backend/handler/calc_handler.go:34.16,38.3 3 0
calc-backend/handler/calc_handler.go:40.2,40.32 1 1
calc-backend/handler/calc_handler.go:40.32,44.3 3 0
calc-backend/handler/calc_handler.go:46.2,47.16 2 1
calc-backend/handler/calc_handler.go:47.16,51.3 3 0
calc-backend/handler/calc_handler.go:53.2,54.18 2 1
calc-backend/handler/calc_handler.go:54.18,56.17 2 1
calc-backend/handler/calc_handler.go:56.17,60.4 3 0
calc-backend/handler/calc_handler.go:63.2,64.16 2 1
calc-backend/handler/calc_handler.go:64.16,67.3 2 1
calc-backend/handler/calc_handler.go:69.2,71.69 3 1
calc-backend/service/calc_service.go:18.53,18.74 1 1
calc-backend/service/calc_service.go:22.53,22.74 1 1
calc-backend/service/calc_service.go:26.53,26.74 1 1
calc-backend/service/calc_service.go:30.53,31.12 1 1
calc-backend/service/calc_service.go:31.12,33.3 1 1
calc-backend/service/calc_service.go:34.2,34.19 1 1
calc-backend/service/calc_service.go:39.53,39.83 1 1
calc-backend/service/calc_service.go:43.54,44.11 1 1
calc-backend/service/calc_service.go:44.11,46.3 1 1
calc-backend/service/calc_service.go:47.2,47.26 1 1
calc-backend/service/calc_service.go:52.57,52.86 1 1
calc-backend/service/calc_service.go:57.70,58.12 1 1
calc-backend/service/calc_service.go:59.13,60.22 1 1
calc-backend/service/calc_service.go:61.13,62.22 1 1
calc-backend/service/calc_service.go:63.13,64.22 1 1
calc-backend/service/calc_service.go:65.13,66.22 1 1
calc-backend/service/calc_service.go:67.20,68.22 1 1
calc-backend/service/calc_service.go:69.21,70.23 1 1
calc-backend/service/calc_service.go:71.22,72.26 1 1
calc-backend/service/calc_service.go:73.10,74.46 1 1
calc-backend/service/calc_service.go:81.74,83.16 2 1
calc-backend/service/calc_service.go:83.16,86.3 2 1
calc-backend/service/calc_service.go:88.2,89.16 2 1
calc-backend/service/calc_service.go:89.16,92.3 2 1
calc-backend/service/calc_service.go:94.2,95.20 2 1
